2023-07-05 12:18:31,166 [Worker-1: Loading available Gradle versions] INFO  o.e.b.c.i.u.g.PublishedGradleVersions - Gradle version information cache is out-of-date. Trying to update.
2023-07-05 12:21:19,751 [Worker-1: Update Maven projects configuration] INFO  o.e.m.c.i.p.ProjectConfigurationManager - Update started
2023-07-05 12:21:20,968 [Worker-1: Update Maven projects configuration] INFO  o.e.m.c.i.l.LifecycleMappingFactory - Using org.maven.ide.eclipse.wtp.WarLifecycleMapping lifecycle mapping for MavenProject: com.poly:TungTQPC04315_LAB4:0.0.1-SNAPSHOT @ E:\FPT Polytechnic\JAVA_6\Ex_LAB\TungTQPC04315_LAB4_Java6\TungTQPC04315_LAB4\pom.xml.
2023-07-05 12:21:22,360 [Worker-1: Update Maven projects configuration] INFO  o.e.m.j.i.AbstractJavaProjectConfigurator - Adding source folder /TungTQPC04315_LAB4/src/main/java
2023-07-05 12:21:22,361 [Worker-1: Update Maven projects configuration] INFO  o.e.m.j.i.AbstractJavaProjectConfigurator - Adding resource folder /TungTQPC04315_LAB4/src/main/resources
2023-07-05 12:21:22,369 [Worker-1: Update Maven projects configuration] INFO  o.e.m.j.i.AbstractJavaProjectConfigurator - Adding resource folder /TungTQPC04315_LAB4/src/main/resources
2023-07-05 12:21:22,376 [Worker-1: Update Maven projects configuration] INFO  o.e.m.j.i.AbstractJavaProjectConfigurator - Adding source folder /TungTQPC04315_LAB4/src/test/java
2023-07-05 12:21:23,890 [Worker-11: Building] INFO  o.a.m.s.f.DefaultMavenResourcesFiltering - Copying 1 resource from src\main\resources to target\classes
2023-07-05 12:21:23,905 [Worker-11: Building] INFO  o.a.m.s.f.DefaultMavenResourcesFiltering - Copying 0 resource from src\main\resources to target\classes
2023-07-05 12:21:23,909 [Worker-11: Building] INFO  o.a.m.s.f.DefaultMavenResourcesFiltering - skip non existing resourceDirectory E:\FPT Polytechnic\JAVA_6\Ex_LAB\TungTQPC04315_LAB4_Java6\TungTQPC04315_LAB4\src\test\resources
2023-07-05 12:21:25,073 [Worker-14: Building] INFO  o.a.m.s.f.DefaultMavenResourcesFiltering - Copying 1 resource from src\main\resources to target\classes
2023-07-05 12:21:25,074 [Worker-14: Building] INFO  o.a.m.s.f.DefaultMavenResourcesFiltering - Copying 0 resource from src\main\resources to target\classes
2023-07-05 12:21:25,078 [Worker-14: Building] INFO  o.a.m.s.f.DefaultMavenResourcesFiltering - skip non existing resourceDirectory E:\FPT Polytechnic\JAVA_6\Ex_LAB\TungTQPC04315_LAB4_Java6\TungTQPC04315_LAB4\src\test\resources
2023-07-05 12:21:25,194 [Worker-1: Update Maven projects configuration] INFO  o.e.m.c.i.p.ProjectConfigurationManager - Update completed for 1 poms: local refresh takes 0.00 sec, refresh facades takes 2.00 sec, update config takes 3.00 sec 
2023-07-05 12:21:27,260 [Worker-15: Building] INFO  o.a.m.s.f.DefaultMavenResourcesFiltering - Copying 0 resource from src\main\resources to target\classes
2023-07-05 12:21:27,261 [Worker-15: Building] INFO  o.a.m.s.f.DefaultMavenResourcesFiltering - Copying 0 resource from src\main\resources to target\classes
2023-07-05 12:21:27,266 [Worker-15: Building] INFO  o.a.m.s.f.DefaultMavenResourcesFiltering - skip non existing resourceDirectory E:\FPT Polytechnic\JAVA_6\Ex_LAB\TungTQPC04315_LAB4_Java6\TungTQPC04315_LAB4\src\test\resources
2023-07-05 12:22:02,381 [Worker-13: Building] INFO  o.a.m.s.f.DefaultMavenResourcesFiltering - Copying 0 resource from src\main\resources to target\classes
2023-07-05 12:22:02,383 [Worker-13: Building] INFO  o.a.m.s.f.DefaultMavenResourcesFiltering - Copying 0 resource from src\main\resources to target\classes
2023-07-05 12:22:02,388 [Worker-13: Building] INFO  o.a.m.s.f.DefaultMavenResourcesFiltering - skip non existing resourceDirectory E:\FPT Polytechnic\JAVA_6\Ex_LAB\TungTQPC04315_LAB4_Java6\TungTQPC04315_LAB4\src\test\resources
2023-07-05 12:22:10,617 [Worker-10: Building] INFO  o.a.m.s.f.DefaultMavenResourcesFiltering - Copying 0 resource from src\main\resources to target\classes
2023-07-05 12:22:10,618 [Worker-10: Building] INFO  o.a.m.s.f.DefaultMavenResourcesFiltering - Copying 1 resource from src\main\resources to target\classes
2023-07-05 12:22:10,633 [Worker-10: Building] INFO  o.a.m.s.f.DefaultMavenResourcesFiltering - skip non existing resourceDirectory E:\FPT Polytechnic\JAVA_6\Ex_LAB\TungTQPC04315_LAB4_Java6\TungTQPC04315_LAB4\src\test\resources
2023-07-05 12:22:19,608 [Worker-16: Building] INFO  o.a.m.s.f.DefaultMavenResourcesFiltering - Copying 0 resource from src\main\resources to target\classes
2023-07-05 12:22:19,609 [Worker-16: Building] INFO  o.a.m.s.f.DefaultMavenResourcesFiltering - Copying 1 resource from src\main\resources to target\classes
2023-07-05 12:22:19,617 [Worker-16: Building] INFO  o.a.m.s.f.DefaultMavenResourcesFiltering - skip non existing resourceDirectory E:\FPT Polytechnic\JAVA_6\Ex_LAB\TungTQPC04315_LAB4_Java6\TungTQPC04315_LAB4\src\test\resources
2023-07-05 12:22:38,404 [Worker-11: Building] INFO  o.a.m.s.f.DefaultMavenResourcesFiltering - Copying 0 resource from src\main\resources to target\classes
2023-07-05 12:22:38,407 [Worker-11: Building] INFO  o.a.m.s.f.DefaultMavenResourcesFiltering - Copying 0 resource from src\main\resources to target\classes
2023-07-05 12:22:38,411 [Worker-11: Building] INFO  o.a.m.s.f.DefaultMavenResourcesFiltering - skip non existing resourceDirectory E:\FPT Polytechnic\JAVA_6\Ex_LAB\TungTQPC04315_LAB4_Java6\TungTQPC04315_LAB4\src\test\resources
2023-07-05 12:22:42,156 [Worker-12: Building] INFO  o.a.m.s.f.DefaultMavenResourcesFiltering - Copying 0 resource from src\main\resources to target\classes
2023-07-05 12:22:42,156 [Worker-12: Building] INFO  o.a.m.s.f.DefaultMavenResourcesFiltering - Copying 1 resource from src\main\resources to target\classes
2023-07-05 12:22:42,170 [Worker-12: Building] INFO  o.a.m.s.f.DefaultMavenResourcesFiltering - skip non existing resourceDirectory E:\FPT Polytechnic\JAVA_6\Ex_LAB\TungTQPC04315_LAB4_Java6\TungTQPC04315_LAB4\src\test\resources
2023-07-05 12:25:48,590 [Worker-22: Building] INFO  o.a.m.s.f.DefaultMavenResourcesFiltering - Copying 0 resource from src\main\resources to target\classes
2023-07-05 12:25:48,591 [Worker-22: Building] INFO  o.a.m.s.f.DefaultMavenResourcesFiltering - Copying 1 resource from src\main\resources to target\classes
2023-07-05 12:25:48,596 [Worker-22: Building] INFO  o.a.m.s.f.DefaultMavenResourcesFiltering - skip non existing resourceDirectory E:\FPT Polytechnic\JAVA_6\Ex_LAB\TungTQPC04315_LAB4_Java6\TungTQPC04315_LAB4\src\test\resources
2023-07-05 12:25:57,260 [Worker-23: Building] INFO  o.a.m.s.f.DefaultMavenResourcesFiltering - Copying 0 resource from src\main\resources to target\classes
2023-07-05 12:25:57,261 [Worker-23: Building] INFO  o.a.m.s.f.DefaultMavenResourcesFiltering - Copying 1 resource from src\main\resources to target\classes
2023-07-05 12:25:57,266 [Worker-23: Building] INFO  o.a.m.s.f.DefaultMavenResourcesFiltering - skip non existing resourceDirectory E:\FPT Polytechnic\JAVA_6\Ex_LAB\TungTQPC04315_LAB4_Java6\TungTQPC04315_LAB4\src\test\resources
2023-07-05 12:26:05,241 [Worker-23: Building] INFO  o.a.m.s.f.DefaultMavenResourcesFiltering - Copying 0 resource from src\main\resources to target\classes
2023-07-05 12:26:05,241 [Worker-23: Building] INFO  o.a.m.s.f.DefaultMavenResourcesFiltering - Copying 1 resource from src\main\resources to target\classes
2023-07-05 12:26:05,247 [Worker-23: Building] INFO  o.a.m.s.f.DefaultMavenResourcesFiltering - skip non existing resourceDirectory E:\FPT Polytechnic\JAVA_6\Ex_LAB\TungTQPC04315_LAB4_Java6\TungTQPC04315_LAB4\src\test\resources
2023-07-05 12:26:09,027 [Worker-24: Building] INFO  o.a.m.s.f.DefaultMavenResourcesFiltering - Copying 0 resource from src\main\resources to target\classes
2023-07-05 12:26:09,027 [Worker-24: Building] INFO  o.a.m.s.f.DefaultMavenResourcesFiltering - Copying 1 resource from src\main\resources to target\classes
2023-07-05 12:26:09,032 [Worker-24: Building] INFO  o.a.m.s.f.DefaultMavenResourcesFiltering - skip non existing resourceDirectory E:\FPT Polytechnic\JAVA_6\Ex_LAB\TungTQPC04315_LAB4_Java6\TungTQPC04315_LAB4\src\test\resources
2023-07-05 12:31:42,466 [Worker-10: Building] INFO  o.a.m.s.f.DefaultMavenResourcesFiltering - Copying 0 resource from src\main\resources to target\classes
2023-07-05 12:31:42,469 [Worker-10: Building] INFO  o.a.m.s.f.DefaultMavenResourcesFiltering - Copying 0 resource from src\main\resources to target\classes
2023-07-05 12:31:42,477 [Worker-10: Building] INFO  o.a.m.s.f.DefaultMavenResourcesFiltering - skip non existing resourceDirectory E:\FPT Polytechnic\JAVA_6\Ex_LAB\TungTQPC04315_LAB4_Java6\TungTQPC04315_LAB4\src\test\resources
2023-07-05 12:31:48,770 [Worker-26: Building] INFO  o.a.m.s.f.DefaultMavenResourcesFiltering - Copying 0 resource from src\main\resources to target\classes
2023-07-05 12:31:48,771 [Worker-26: Building] INFO  o.a.m.s.f.DefaultMavenResourcesFiltering - Copying 1 resource from src\main\resources to target\classes
2023-07-05 12:31:48,779 [Worker-26: Building] INFO  o.a.m.s.f.DefaultMavenResourcesFiltering - skip non existing resourceDirectory E:\FPT Polytechnic\JAVA_6\Ex_LAB\TungTQPC04315_LAB4_Java6\TungTQPC04315_LAB4\src\test\resources
2023-07-05 12:32:04,027 [Worker-6: Building] INFO  o.a.m.s.f.DefaultMavenResourcesFiltering - Copying 0 resource from src\main\resources to target\classes
2023-07-05 12:32:04,027 [Worker-6: Building] INFO  o.a.m.s.f.DefaultMavenResourcesFiltering - Copying 1 resource from src\main\resources to target\classes
2023-07-05 12:32:04,035 [Worker-6: Building] INFO  o.a.m.s.f.DefaultMavenResourcesFiltering - skip non existing resourceDirectory E:\FPT Polytechnic\JAVA_6\Ex_LAB\TungTQPC04315_LAB4_Java6\TungTQPC04315_LAB4\src\test\resources
2023-07-05 12:32:25,400 [Worker-27: Building] INFO  o.a.m.s.f.DefaultMavenResourcesFiltering - Copying 0 resource from src\main\resources to target\classes
2023-07-05 12:32:25,400 [Worker-27: Building] INFO  o.a.m.s.f.DefaultMavenResourcesFiltering - Copying 1 resource from src\main\resources to target\classes
2023-07-05 12:32:25,408 [Worker-27: Building] INFO  o.a.m.s.f.DefaultMavenResourcesFiltering - skip non existing resourceDirectory E:\FPT Polytechnic\JAVA_6\Ex_LAB\TungTQPC04315_LAB4_Java6\TungTQPC04315_LAB4\src\test\resources
2023-07-05 12:32:40,985 [Worker-10: Building] INFO  o.a.m.s.f.DefaultMavenResourcesFiltering - Copying 0 resource from src\main\resources to target\classes
2023-07-05 12:32:40,985 [Worker-10: Building] INFO  o.a.m.s.f.DefaultMavenResourcesFiltering - Copying 1 resource from src\main\resources to target\classes
2023-07-05 12:32:40,993 [Worker-10: Building] INFO  o.a.m.s.f.DefaultMavenResourcesFiltering - skip non existing resourceDirectory E:\FPT Polytechnic\JAVA_6\Ex_LAB\TungTQPC04315_LAB4_Java6\TungTQPC04315_LAB4\src\test\resources
2023-07-05 12:32:50,779 [Worker-26: Building] INFO  o.a.m.s.f.DefaultMavenResourcesFiltering - Copying 0 resource from src\main\resources to target\classes
2023-07-05 12:32:50,779 [Worker-26: Building] INFO  o.a.m.s.f.DefaultMavenResourcesFiltering - Copying 1 resource from src\main\resources to target\classes
2023-07-05 12:32:50,784 [Worker-26: Building] INFO  o.a.m.s.f.DefaultMavenResourcesFiltering - skip non existing resourceDirectory E:\FPT Polytechnic\JAVA_6\Ex_LAB\TungTQPC04315_LAB4_Java6\TungTQPC04315_LAB4\src\test\resources
2023-07-05 12:32:51,824 [Worker-6: Building] INFO  o.a.m.s.f.DefaultMavenResourcesFiltering - Copying 0 resource from src\main\resources to target\classes
2023-07-05 12:32:51,826 [Worker-6: Building] INFO  o.a.m.s.f.DefaultMavenResourcesFiltering - Copying 1 resource from src\main\resources to target\classes
2023-07-05 12:32:51,837 [Worker-6: Building] INFO  o.a.m.s.f.DefaultMavenResourcesFiltering - skip non existing resourceDirectory E:\FPT Polytechnic\JAVA_6\Ex_LAB\TungTQPC04315_LAB4_Java6\TungTQPC04315_LAB4\src\test\resources
2023-07-05 12:33:04,895 [Worker-10: Building] INFO  o.a.m.s.f.DefaultMavenResourcesFiltering - Copying 0 resource from src\main\resources to target\classes
2023-07-05 12:33:04,903 [Worker-10: Building] INFO  o.a.m.s.f.DefaultMavenResourcesFiltering - Copying 1 resource from src\main\resources to target\classes
2023-07-05 12:33:04,916 [Worker-10: Building] INFO  o.a.m.s.f.DefaultMavenResourcesFiltering - skip non existing resourceDirectory E:\FPT Polytechnic\JAVA_6\Ex_LAB\TungTQPC04315_LAB4_Java6\TungTQPC04315_LAB4\src\test\resources
2023-07-05 12:33:18,875 [Worker-10: Building] INFO  o.a.m.s.f.DefaultMavenResourcesFiltering - Copying 0 resource from src\main\resources to target\classes
2023-07-05 12:33:18,876 [Worker-10: Building] INFO  o.a.m.s.f.DefaultMavenResourcesFiltering - Copying 1 resource from src\main\resources to target\classes
2023-07-05 12:33:18,886 [Worker-10: Building] INFO  o.a.m.s.f.DefaultMavenResourcesFiltering - skip non existing resourceDirectory E:\FPT Polytechnic\JAVA_6\Ex_LAB\TungTQPC04315_LAB4_Java6\TungTQPC04315_LAB4\src\test\resources
2023-07-05 12:33:41,323 [Worker-10: Building] INFO  o.a.m.s.f.DefaultMavenResourcesFiltering - Copying 0 resource from src\main\resources to target\classes
2023-07-05 12:33:41,323 [Worker-10: Building] INFO  o.a.m.s.f.DefaultMavenResourcesFiltering - Copying 1 resource from src\main\resources to target\classes
2023-07-05 12:33:41,332 [Worker-10: Building] INFO  o.a.m.s.f.DefaultMavenResourcesFiltering - skip non existing resourceDirectory E:\FPT Polytechnic\JAVA_6\Ex_LAB\TungTQPC04315_LAB4_Java6\TungTQPC04315_LAB4\src\test\resources
2023-07-05 12:33:45,927 [Worker-6: Building] INFO  o.a.m.s.f.DefaultMavenResourcesFiltering - Copying 0 resource from src\main\resources to target\classes
2023-07-05 12:33:45,928 [Worker-6: Building] INFO  o.a.m.s.f.DefaultMavenResourcesFiltering - Copying 1 resource from src\main\resources to target\classes
2023-07-05 12:33:45,940 [Worker-6: Building] INFO  o.a.m.s.f.DefaultMavenResourcesFiltering - skip non existing resourceDirectory E:\FPT Polytechnic\JAVA_6\Ex_LAB\TungTQPC04315_LAB4_Java6\TungTQPC04315_LAB4\src\test\resources
2023-07-05 12:34:03,321 [Worker-29: Building] INFO  o.a.m.s.f.DefaultMavenResourcesFiltering - Copying 0 resource from src\main\resources to target\classes
2023-07-05 12:34:03,321 [Worker-29: Building] INFO  o.a.m.s.f.DefaultMavenResourcesFiltering - Copying 1 resource from src\main\resources to target\classes
2023-07-05 12:34:03,328 [Worker-29: Building] INFO  o.a.m.s.f.DefaultMavenResourcesFiltering - skip non existing resourceDirectory E:\FPT Polytechnic\JAVA_6\Ex_LAB\TungTQPC04315_LAB4_Java6\TungTQPC04315_LAB4\src\test\resources
2023-07-05 12:34:06,459 [Worker-26: Building] INFO  o.a.m.s.f.DefaultMavenResourcesFiltering - Copying 0 resource from src\main\resources to target\classes
2023-07-05 12:34:06,460 [Worker-26: Building] INFO  o.a.m.s.f.DefaultMavenResourcesFiltering - Copying 1 resource from src\main\resources to target\classes
2023-07-05 12:34:06,471 [Worker-26: Building] INFO  o.a.m.s.f.DefaultMavenResourcesFiltering - skip non existing resourceDirectory E:\FPT Polytechnic\JAVA_6\Ex_LAB\TungTQPC04315_LAB4_Java6\TungTQPC04315_LAB4\src\test\resources
2023-07-05 12:34:08,596 [Worker-6: Building] INFO  o.a.m.s.f.DefaultMavenResourcesFiltering - Copying 0 resource from src\main\resources to target\classes
2023-07-05 12:34:08,597 [Worker-6: Building] INFO  o.a.m.s.f.DefaultMavenResourcesFiltering - Copying 1 resource from src\main\resources to target\classes
2023-07-05 12:34:08,609 [Worker-6: Building] INFO  o.a.m.s.f.DefaultMavenResourcesFiltering - skip non existing resourceDirectory E:\FPT Polytechnic\JAVA_6\Ex_LAB\TungTQPC04315_LAB4_Java6\TungTQPC04315_LAB4\src\test\resources
2023-07-05 12:34:27,205 [Worker-27: Building] INFO  o.a.m.s.f.DefaultMavenResourcesFiltering - Copying 0 resource from src\main\resources to target\classes
2023-07-05 12:34:27,205 [Worker-27: Building] INFO  o.a.m.s.f.DefaultMavenResourcesFiltering - Copying 1 resource from src\main\resources to target\classes
2023-07-05 12:34:27,212 [Worker-27: Building] INFO  o.a.m.s.f.DefaultMavenResourcesFiltering - skip non existing resourceDirectory E:\FPT Polytechnic\JAVA_6\Ex_LAB\TungTQPC04315_LAB4_Java6\TungTQPC04315_LAB4\src\test\resources
2023-07-05 12:36:24,613 [Worker-28: Building] INFO  o.a.m.s.f.DefaultMavenResourcesFiltering - Copying 0 resource from src\main\resources to target\classes
2023-07-05 12:36:24,613 [Worker-28: Building] INFO  o.a.m.s.f.DefaultMavenResourcesFiltering - Copying 1 resource from src\main\resources to target\classes
2023-07-05 12:36:24,619 [Worker-28: Building] INFO  o.a.m.s.f.DefaultMavenResourcesFiltering - skip non existing resourceDirectory E:\FPT Polytechnic\JAVA_6\Ex_LAB\TungTQPC04315_LAB4_Java6\TungTQPC04315_LAB4\src\test\resources
2023-07-05 12:36:54,267 [Worker-10: Building] INFO  o.a.m.s.f.DefaultMavenResourcesFiltering - Copying 0 resource from src\main\resources to target\classes
2023-07-05 12:36:54,268 [Worker-10: Building] INFO  o.a.m.s.f.DefaultMavenResourcesFiltering - Copying 1 resource from src\main\resources to target\classes
2023-07-05 12:36:54,274 [Worker-10: Building] INFO  o.a.m.s.f.DefaultMavenResourcesFiltering - skip non existing resourceDirectory E:\FPT Polytechnic\JAVA_6\Ex_LAB\TungTQPC04315_LAB4_Java6\TungTQPC04315_LAB4\src\test\resources
2023-07-05 12:37:12,078 [Worker-6: Building] INFO  o.a.m.s.f.DefaultMavenResourcesFiltering - Copying 0 resource from src\main\resources to target\classes
2023-07-05 12:37:12,078 [Worker-6: Building] INFO  o.a.m.s.f.DefaultMavenResourcesFiltering - Copying 1 resource from src\main\resources to target\classes
2023-07-05 12:37:12,083 [Worker-6: Building] INFO  o.a.m.s.f.DefaultMavenResourcesFiltering - skip non existing resourceDirectory E:\FPT Polytechnic\JAVA_6\Ex_LAB\TungTQPC04315_LAB4_Java6\TungTQPC04315_LAB4\src\test\resources
2023-07-05 12:37:51,286 [Worker-26: Building] INFO  o.a.m.s.f.DefaultMavenResourcesFiltering - Copying 1 resource from src\main\resources to target\classes
2023-07-05 12:37:51,460 [Worker-26: Building] INFO  o.a.m.s.f.DefaultMavenResourcesFiltering - Copying 5 resources from src\main\resources to target\classes
2023-07-05 12:37:51,470 [Worker-26: Building] INFO  o.a.m.s.f.DefaultMavenResourcesFiltering - skip non existing resourceDirectory E:\FPT Polytechnic\JAVA_6\Ex_LAB\TungTQPC04315_LAB4_Java6\TungTQPC04315_LAB4\src\test\resources
2023-07-05 12:38:06,244 [Worker-26: Building] INFO  o.a.m.s.f.DefaultMavenResourcesFiltering - Copying 1 resource from src\main\resources to target\classes
2023-07-05 12:38:06,254 [Worker-26: Building] INFO  o.a.m.s.f.DefaultMavenResourcesFiltering - Copying 5 resources from src\main\resources to target\classes
2023-07-05 12:38:06,264 [Worker-26: Building] INFO  o.a.m.s.f.DefaultMavenResourcesFiltering - skip non existing resourceDirectory E:\FPT Polytechnic\JAVA_6\Ex_LAB\TungTQPC04315_LAB4_Java6\TungTQPC04315_LAB4\src\test\resources
2023-07-05 12:39:02,144 [Worker-10: Building] INFO  o.a.m.s.f.DefaultMavenResourcesFiltering - Copying 1 resource from src\main\resources to target\classes
2023-07-05 12:39:02,151 [Worker-10: Building] INFO  o.a.m.s.f.DefaultMavenResourcesFiltering - Copying 5 resources from src\main\resources to target\classes
2023-07-05 12:39:02,154 [Worker-10: Building] INFO  o.a.m.s.f.DefaultMavenResourcesFiltering - skip non existing resourceDirectory E:\FPT Polytechnic\JAVA_6\Ex_LAB\TungTQPC04315_LAB4_Java6\TungTQPC04315_LAB4\src\test\resources
2023-07-05 12:40:10,395 [Worker-28: Building] INFO  o.a.m.s.f.DefaultMavenResourcesFiltering - Copying 0 resource from src\main\resources to target\classes
2023-07-05 12:40:10,396 [Worker-28: Building] INFO  o.a.m.s.f.DefaultMavenResourcesFiltering - Copying 1 resource from src\main\resources to target\classes
2023-07-05 12:40:10,401 [Worker-28: Building] INFO  o.a.m.s.f.DefaultMavenResourcesFiltering - skip non existing resourceDirectory E:\FPT Polytechnic\JAVA_6\Ex_LAB\TungTQPC04315_LAB4_Java6\TungTQPC04315_LAB4\src\test\resources
2023-07-05 12:41:18,523 [Worker-28: Building] INFO  o.a.m.s.f.DefaultMavenResourcesFiltering - Copying 1 resource from src\main\resources to target\classes
2023-07-05 12:41:18,669 [Worker-28: Building] INFO  o.a.m.s.f.DefaultMavenResourcesFiltering - Copying 5 resources from src\main\resources to target\classes
2023-07-05 12:41:18,672 [Worker-28: Building] INFO  o.a.m.s.f.DefaultMavenResourcesFiltering - skip non existing resourceDirectory E:\FPT Polytechnic\JAVA_6\Ex_LAB\TungTQPC04315_LAB4_Java6\TungTQPC04315_LAB4\src\test\resources
2023-07-05 12:41:27,657 [Worker-6: Building] INFO  o.a.m.s.f.DefaultMavenResourcesFiltering - Copying 1 resource from src\main\resources to target\classes
2023-07-05 12:41:27,796 [Worker-6: Building] INFO  o.a.m.s.f.DefaultMavenResourcesFiltering - Copying 5 resources from src\main\resources to target\classes
2023-07-05 12:41:27,802 [Worker-6: Building] INFO  o.a.m.s.f.DefaultMavenResourcesFiltering - skip non existing resourceDirectory E:\FPT Polytechnic\JAVA_6\Ex_LAB\TungTQPC04315_LAB4_Java6\TungTQPC04315_LAB4\src\test\resources
2023-07-05 12:41:50,285 [Worker-27: Building] INFO  o.a.m.s.f.DefaultMavenResourcesFiltering - Copying 1 resource from src\main\resources to target\classes
2023-07-05 12:41:50,295 [Worker-27: Building] INFO  o.a.m.s.f.DefaultMavenResourcesFiltering - Copying 5 resources from src\main\resources to target\classes
2023-07-05 12:41:50,298 [Worker-27: Building] INFO  o.a.m.s.f.DefaultMavenResourcesFiltering - skip non existing resourceDirectory E:\FPT Polytechnic\JAVA_6\Ex_LAB\TungTQPC04315_LAB4_Java6\TungTQPC04315_LAB4\src\test\resources
2023-07-05 12:42:58,290 [Worker-25: Building] INFO  o.a.m.s.f.DefaultMavenResourcesFiltering - Copying 1 resource from src\main\resources to target\classes
2023-07-05 12:42:58,294 [Worker-25: Building] INFO  o.a.m.s.f.DefaultMavenResourcesFiltering - Copying 5 resources from src\main\resources to target\classes
2023-07-05 12:42:58,296 [Worker-25: Building] INFO  o.a.m.s.f.DefaultMavenResourcesFiltering - skip non existing resourceDirectory E:\FPT Polytechnic\JAVA_6\Ex_LAB\TungTQPC04315_LAB4_Java6\TungTQPC04315_LAB4\src\test\resources
2023-07-05 12:43:18,660 [Worker-10: Building] INFO  o.a.m.s.f.DefaultMavenResourcesFiltering - Copying 1 resource from src\main\resources to target\classes
2023-07-05 12:43:18,695 [Worker-10: Building] INFO  o.a.m.s.f.DefaultMavenResourcesFiltering - Copying 5 resources from src\main\resources to target\classes
2023-07-05 12:43:18,699 [Worker-10: Building] INFO  o.a.m.s.f.DefaultMavenResourcesFiltering - skip non existing resourceDirectory E:\FPT Polytechnic\JAVA_6\Ex_LAB\TungTQPC04315_LAB4_Java6\TungTQPC04315_LAB4\src\test\resources
2023-07-05 12:43:39,446 [Worker-25: Building] INFO  o.a.m.s.f.DefaultMavenResourcesFiltering - Copying 1 resource from src\main\resources to target\classes
2023-07-05 12:43:39,450 [Worker-25: Building] INFO  o.a.m.s.f.DefaultMavenResourcesFiltering - Copying 5 resources from src\main\resources to target\classes
2023-07-05 12:43:39,455 [Worker-25: Building] INFO  o.a.m.s.f.DefaultMavenResourcesFiltering - skip non existing resourceDirectory E:\FPT Polytechnic\JAVA_6\Ex_LAB\TungTQPC04315_LAB4_Java6\TungTQPC04315_LAB4\src\test\resources
2023-07-05 12:47:50,236 [Worker-6: Building] INFO  o.a.m.s.f.DefaultMavenResourcesFiltering - Copying 0 resource from src\main\resources to target\classes
2023-07-05 12:47:50,236 [Worker-6: Building] INFO  o.a.m.s.f.DefaultMavenResourcesFiltering - Copying 1 resource from src\main\resources to target\classes
2023-07-05 12:47:50,243 [Worker-6: Building] INFO  o.a.m.s.f.DefaultMavenResourcesFiltering - skip non existing resourceDirectory E:\FPT Polytechnic\JAVA_6\Ex_LAB\TungTQPC04315_LAB4_Java6\TungTQPC04315_LAB4\src\test\resources
2023-07-05 12:50:51,494 [Worker-31: Building] INFO  o.a.m.s.f.DefaultMavenResourcesFiltering - Copying 0 resource from src\main\resources to target\classes
2023-07-05 12:50:51,495 [Worker-31: Building] INFO  o.a.m.s.f.DefaultMavenResourcesFiltering - Copying 1 resource from src\main\resources to target\classes
2023-07-05 12:50:51,501 [Worker-31: Building] INFO  o.a.m.s.f.DefaultMavenResourcesFiltering - skip non existing resourceDirectory E:\FPT Polytechnic\JAVA_6\Ex_LAB\TungTQPC04315_LAB4_Java6\TungTQPC04315_LAB4\src\test\resources
2023-07-05 12:52:32,793 [Worker-30: Building] INFO  o.a.m.s.f.DefaultMavenResourcesFiltering - Copying 0 resource from src\main\resources to target\classes
2023-07-05 12:52:32,793 [Worker-30: Building] INFO  o.a.m.s.f.DefaultMavenResourcesFiltering - Copying 1 resource from src\main\resources to target\classes
2023-07-05 12:52:32,797 [Worker-30: Building] INFO  o.a.m.s.f.DefaultMavenResourcesFiltering - skip non existing resourceDirectory E:\FPT Polytechnic\JAVA_6\Ex_LAB\TungTQPC04315_LAB4_Java6\TungTQPC04315_LAB4\src\test\resources
2023-07-05 12:57:12,326 [Worker-26: Building] INFO  o.a.m.s.f.DefaultMavenResourcesFiltering - Copying 1 resource from src\main\resources to target\classes
2023-07-05 12:57:12,343 [Worker-26: Building] INFO  o.a.m.s.f.DefaultMavenResourcesFiltering - Copying 5 resources from src\main\resources to target\classes
2023-07-05 12:57:12,349 [Worker-26: Building] INFO  o.a.m.s.f.DefaultMavenResourcesFiltering - skip non existing resourceDirectory E:\FPT Polytechnic\JAVA_6\Ex_LAB\TungTQPC04315_LAB4_Java6\TungTQPC04315_LAB4\src\test\resources
2023-07-05 12:58:09,808 [Worker-27: Building] INFO  o.a.m.s.f.DefaultMavenResourcesFiltering - Copying 1 resource from src\main\resources to target\classes
2023-07-05 12:58:09,813 [Worker-27: Building] INFO  o.a.m.s.f.DefaultMavenResourcesFiltering - Copying 5 resources from src\main\resources to target\classes
2023-07-05 12:58:09,816 [Worker-27: Building] INFO  o.a.m.s.f.DefaultMavenResourcesFiltering - skip non existing resourceDirectory E:\FPT Polytechnic\JAVA_6\Ex_LAB\TungTQPC04315_LAB4_Java6\TungTQPC04315_LAB4\src\test\resources
2023-07-05 13:01:52,138 [Worker-32: Building] INFO  o.a.m.s.f.DefaultMavenResourcesFiltering - Copying 1 resource from src\main\resources to target\classes
2023-07-05 13:01:52,150 [Worker-32: Building] INFO  o.a.m.s.f.DefaultMavenResourcesFiltering - Copying 5 resources from src\main\resources to target\classes
2023-07-05 13:01:52,153 [Worker-32: Building] INFO  o.a.m.s.f.DefaultMavenResourcesFiltering - skip non existing resourceDirectory E:\FPT Polytechnic\JAVA_6\Ex_LAB\TungTQPC04315_LAB4_Java6\TungTQPC04315_LAB4\src\test\resources
2023-07-05 13:03:57,786 [Worker-34: Building] INFO  o.a.m.s.f.DefaultMavenResourcesFiltering - Copying 1 resource from src\main\resources to target\classes
2023-07-05 13:03:57,817 [Worker-34: Building] INFO  o.a.m.s.f.DefaultMavenResourcesFiltering - Copying 5 resources from src\main\resources to target\classes
2023-07-05 13:03:57,820 [Worker-34: Building] INFO  o.a.m.s.f.DefaultMavenResourcesFiltering - skip non existing resourceDirectory E:\FPT Polytechnic\JAVA_6\Ex_LAB\TungTQPC04315_LAB4_Java6\TungTQPC04315_LAB4\src\test\resources
2023-07-05 13:04:02,496 [Worker-30: Building] INFO  o.a.m.s.f.DefaultMavenResourcesFiltering - Copying 1 resource from src\main\resources to target\classes
2023-07-05 13:04:02,581 [Worker-30: Building] INFO  o.a.m.s.f.DefaultMavenResourcesFiltering - Copying 5 resources from src\main\resources to target\classes
2023-07-05 13:04:02,584 [Worker-30: Building] INFO  o.a.m.s.f.DefaultMavenResourcesFiltering - skip non existing resourceDirectory E:\FPT Polytechnic\JAVA_6\Ex_LAB\TungTQPC04315_LAB4_Java6\TungTQPC04315_LAB4\src\test\resources
2023-07-05 13:06:50,663 [Worker-31: Building] INFO  o.a.m.s.f.DefaultMavenResourcesFiltering - Copying 1 resource from src\main\resources to target\classes
2023-07-05 13:06:50,673 [Worker-31: Building] INFO  o.a.m.s.f.DefaultMavenResourcesFiltering - Copying 5 resources from src\main\resources to target\classes
2023-07-05 13:06:50,676 [Worker-31: Building] INFO  o.a.m.s.f.DefaultMavenResourcesFiltering - skip non existing resourceDirectory E:\FPT Polytechnic\JAVA_6\Ex_LAB\TungTQPC04315_LAB4_Java6\TungTQPC04315_LAB4\src\test\resources
2023-07-05 13:08:43,279 [Worker-32: Building] INFO  o.a.m.s.f.DefaultMavenResourcesFiltering - Copying 0 resource from src\main\resources to target\classes
2023-07-05 13:08:43,279 [Worker-32: Building] INFO  o.a.m.s.f.DefaultMavenResourcesFiltering - Copying 1 resource from src\main\resources to target\classes
2023-07-05 13:08:43,283 [Worker-32: Building] INFO  o.a.m.s.f.DefaultMavenResourcesFiltering - skip non existing resourceDirectory E:\FPT Polytechnic\JAVA_6\Ex_LAB\TungTQPC04315_LAB4_Java6\TungTQPC04315_LAB4\src\test\resources
2023-07-05 13:09:27,884 [Worker-32: Building] INFO  o.a.m.s.f.DefaultMavenResourcesFiltering - Copying 0 resource from src\main\resources to target\classes
2023-07-05 13:09:27,884 [Worker-32: Building] INFO  o.a.m.s.f.DefaultMavenResourcesFiltering - Copying 1 resource from src\main\resources to target\classes
2023-07-05 13:09:27,889 [Worker-32: Building] INFO  o.a.m.s.f.DefaultMavenResourcesFiltering - skip non existing resourceDirectory E:\FPT Polytechnic\JAVA_6\Ex_LAB\TungTQPC04315_LAB4_Java6\TungTQPC04315_LAB4\src\test\resources
2023-07-05 13:24:07,261 [Worker-38: http://download.eclipse.org/usssdk/drops/milestone/S909-1.2-RC1/content.jar] INFO  o.a.h.c.h.i.c.HttpRequestRetryExec - Recoverable I/O exception (java.net.SocketException) caught when processing request to {s}->https://download.eclipse.org:443
2023-07-05 13:26:07,336 [Worker-38: Building] INFO  o.a.m.s.f.DefaultMavenResourcesFiltering - Copying 1 resource from src\main\resources to target\classes
2023-07-05 13:26:07,340 [Worker-38: Building] INFO  o.a.m.s.f.DefaultMavenResourcesFiltering - Copying 5 resources from src\main\resources to target\classes
2023-07-05 13:26:07,343 [Worker-38: Building] INFO  o.a.m.s.f.DefaultMavenResourcesFiltering - skip non existing resourceDirectory E:\FPT Polytechnic\JAVA_6\Ex_LAB\TungTQPC04315_LAB4_Java6\TungTQPC04315_LAB4\src\test\resources
2023-07-05 13:28:26,046 [Worker-43: Building] INFO  o.a.m.s.f.DefaultMavenResourcesFiltering - Copying 1 resource from src\main\resources to target\classes
2023-07-05 13:28:26,049 [Worker-43: Building] INFO  o.a.m.s.f.DefaultMavenResourcesFiltering - Copying 5 resources from src\main\resources to target\classes
2023-07-05 13:28:26,052 [Worker-43: Building] INFO  o.a.m.s.f.DefaultMavenResourcesFiltering - skip non existing resourceDirectory E:\FPT Polytechnic\JAVA_6\Ex_LAB\TungTQPC04315_LAB4_Java6\TungTQPC04315_LAB4\src\test\resources
2023-07-05 13:31:43,366 [Worker-44: Building] INFO  o.a.m.s.f.DefaultMavenResourcesFiltering - Copying 1 resource from src\main\resources to target\classes
2023-07-05 13:31:43,370 [Worker-44: Building] INFO  o.a.m.s.f.DefaultMavenResourcesFiltering - Copying 5 resources from src\main\resources to target\classes
2023-07-05 13:31:43,373 [Worker-44: Building] INFO  o.a.m.s.f.DefaultMavenResourcesFiltering - skip non existing resourceDirectory E:\FPT Polytechnic\JAVA_6\Ex_LAB\TungTQPC04315_LAB4_Java6\TungTQPC04315_LAB4\src\test\resources
2023-07-05 13:32:58,963 [Worker-45: Building] INFO  o.a.m.s.f.DefaultMavenResourcesFiltering - Copying 1 resource from src\main\resources to target\classes
2023-07-05 13:32:58,966 [Worker-45: Building] INFO  o.a.m.s.f.DefaultMavenResourcesFiltering - Copying 5 resources from src\main\resources to target\classes
2023-07-05 13:32:58,970 [Worker-45: Building] INFO  o.a.m.s.f.DefaultMavenResourcesFiltering - skip non existing resourceDirectory E:\FPT Polytechnic\JAVA_6\Ex_LAB\TungTQPC04315_LAB4_Java6\TungTQPC04315_LAB4\src\test\resources
2023-07-05 13:36:32,340 [Worker-46: Building] INFO  o.a.m.s.f.DefaultMavenResourcesFiltering - Copying 0 resource from src\main\resources to target\classes
2023-07-05 13:36:32,341 [Worker-46: Building] INFO  o.a.m.s.f.DefaultMavenResourcesFiltering - Copying 1 resource from src\main\resources to target\classes
2023-07-05 13:36:32,349 [Worker-46: Building] INFO  o.a.m.s.f.DefaultMavenResourcesFiltering - skip non existing resourceDirectory E:\FPT Polytechnic\JAVA_6\Ex_LAB\TungTQPC04315_LAB4_Java6\TungTQPC04315_LAB4\src\test\resources
2023-07-05 13:36:37,678 [Worker-49: Building] INFO  o.a.m.s.f.DefaultMavenResourcesFiltering - Copying 1 resource from src\main\resources to target\classes
2023-07-05 13:36:37,689 [Worker-49: Building] INFO  o.a.m.s.f.DefaultMavenResourcesFiltering - Copying 5 resources from src\main\resources to target\classes
2023-07-05 13:36:37,695 [Worker-49: Building] INFO  o.a.m.s.f.DefaultMavenResourcesFiltering - skip non existing resourceDirectory E:\FPT Polytechnic\JAVA_6\Ex_LAB\TungTQPC04315_LAB4_Java6\TungTQPC04315_LAB4\src\test\resources
2023-07-05 13:37:35,405 [Worker-47: Building] INFO  o.a.m.s.f.DefaultMavenResourcesFiltering - Copying 1 resource from src\main\resources to target\classes
2023-07-05 13:37:35,407 [Worker-47: Building] INFO  o.a.m.s.f.DefaultMavenResourcesFiltering - Copying 5 resources from src\main\resources to target\classes
2023-07-05 13:37:35,411 [Worker-47: Building] INFO  o.a.m.s.f.DefaultMavenResourcesFiltering - skip non existing resourceDirectory E:\FPT Polytechnic\JAVA_6\Ex_LAB\TungTQPC04315_LAB4_Java6\TungTQPC04315_LAB4\src\test\resources
